<?xml version="1.0" encoding="UTF-8"?>
<!-- Generated by org.testng.reporters.JUnitXMLReporter -->
<testsuite hostname="DESKTOP-9LQCJLJ" name="ActiTimeSmoke" tests="3" failures="0" timestamp="26 Apr 2020 06:59:32 GMT" time="55.384" errors="0">
  <testcase name="login_001" time="4.201" classname="com.selenium.tests.Login"/>
  <testcase name="login_001" time="4.886" classname="com.selenium.tests.Login"/>
  <testcase name="login_002" time="2.81" classname="com.selenium.tests.Login"/>
</testsuite> <!-- ActiTimeSmoke -->
